[0.014s] Invoking command in '/home/artjiang/Desktop/mirobot_urdf_ros2/build/mirobot_urdf_ros2': CMAKE_PREFIX_PATH=${CMAKE_PREFIX_PATH}:/opt/ros/galactic /usr/bin/cmake --build /home/artjiang/Desktop/mirobot_urdf_ros2/build/mirobot_urdf_ros2 -- -j2 -l2
[0.064s] -- Found ament_cmake: 1.1.5 (/opt/ros/galactic/share/ament_cmake/cmake)
[0.097s] -- Using PYTHON_EXECUTABLE: /usr/bin/python3
[0.197s] -- Found rclcpp: 9.2.0 (/opt/ros/galactic/share/rclcpp/cmake)
[0.265s] -- Using all available rosidl_typesupport_c: rosidl_typesupport_fastrtps_c;rosidl_typesupport_introspection_c
[0.272s] -- Found rosidl_adapter: 2.2.1 (/opt/ros/galactic/share/rosidl_adapter/cmake)
[0.447s] -- Using all available rosidl_typesupport_cpp: rosidl_typesupport_fastrtps_cpp;rosidl_typesupport_introspection_cpp
[0.528s] -- Found rmw_implementation_cmake: 3.3.1 (/opt/ros/galactic/share/rmw_implementation_cmake/cmake)
[0.532s] -- Found rmw_cyclonedds_cpp: 0.22.4 (/opt/ros/galactic/share/rmw_cyclonedds_cpp/cmake)
[0.557s] -- Using RMW implementation 'rmw_cyclonedds_cpp' as default
[0.743s] -- Found rclcpp_action: 9.2.0 (/opt/ros/galactic/share/rclcpp_action/cmake)
[0.843s] -- Found rosidl_default_generators: 1.1.1 (/opt/ros/galactic/share/rosidl_default_generators/cmake)
[0.859s] -- Found std_srvs: 2.2.4 (/opt/ros/galactic/share/std_srvs/cmake)
[0.871s] -- Found robot_state_publisher: 2.5.3 (/opt/ros/galactic/share/robot_state_publisher/cmake)
[0.873s] -- Found eigen3_cmake_module: 0.1.1 (/opt/ros/galactic/share/eigen3_cmake_module/cmake)
[1.303s] -- Found rviz2: 8.5.0 (/opt/ros/galactic/share/rviz2/cmake)
[1.304s] -- Found serial: 1.2.1 (/home/artjiang/dev_ws/install/serial/share/serial/cmake)
[1.306s] CMake Warning at /home/artjiang/dev_ws/install/serial/share/serial/cmake/ament_cmake_export_libraries-extras.cmake:116 (message):
[1.306s]   Package 'serial' exports library 'serial' which couldn't be found
[1.306s] Call Stack (most recent call first):
[1.306s]   /home/artjiang/dev_ws/install/serial/share/serial/cmake/serialConfig.cmake:41 (include)
[1.307s]   CMakeLists.txt:22 (find_package)
[1.307s] 
[1.307s] 
[1.375s] -- Found DART: /usr/include (Required is at least version "6.6") found components: dart 
[1.436s] -- Found Protobuf: /usr/lib/x86_64-linux-gnu/libprotobuf.so;-lpthread (found version "3.6.1") 
[1.441s] -- Looking for ignition-math6 -- found version 6.9.2
[1.452s] -- Searching for dependencies of ignition-math6
[1.455s] -- Looking for OGRE...
[1.462s] -- Found Ogre Ghadamon (1.9.0)
[1.463s] -- Found OGRE: optimized;/usr/lib/x86_64-linux-gnu/libOgreMain.so;debug;/usr/lib/x86_64-linux-gnu/libOgreMain.so
[1.473s] -- Looking for OGRE_Paging...
[1.474s] -- Found OGRE_Paging: optimized;/usr/lib/x86_64-linux-gnu/libOgrePaging.so;debug;/usr/lib/x86_64-linux-gnu/libOgrePaging.so
[1.474s] -- Looking for OGRE_Terrain...
[1.474s] -- Found OGRE_Terrain: optimized;/usr/lib/x86_64-linux-gnu/libOgreTerrain.so;debug;/usr/lib/x86_64-linux-gnu/libOgreTerrain.so
[1.474s] -- Looking for OGRE_Property...
[1.474s] -- Found OGRE_Property: optimized;/usr/lib/x86_64-linux-gnu/libOgreProperty.so;debug;/usr/lib/x86_64-linux-gnu/libOgreProperty.so
[1.477s] -- Looking for OGRE_RTShaderSystem...
[1.477s] -- Found OGRE_RTShaderSystem: optimized;/usr/lib/x86_64-linux-gnu/libOgreRTShaderSystem.so;debug;/usr/lib/x86_64-linux-gnu/libOgreRTShaderSystem.so
[1.477s] -- Looking for OGRE_Volume...
[1.478s] -- Found OGRE_Volume: optimized;/usr/lib/x86_64-linux-gnu/libOgreVolume.so;debug;/usr/lib/x86_64-linux-gnu/libOgreVolume.so
[1.478s] -- Looking for OGRE_Overlay...
[1.478s] -- Found OGRE_Overlay: optimized;/usr/lib/x86_64-linux-gnu/libOgreOverlay.so;debug;/usr/lib/x86_64-linux-gnu/libOgreOverlay.so
[1.617s] -- Looking for ignition-math6 -- found version 6.9.2
[1.619s] -- Looking for ignition-transport8 -- found version 8.2.1
[1.620s] -- Searching for dependencies of ignition-transport8
[1.640s] -- Found Protobuf: /usr/lib/x86_64-linux-gnu/libprotobuf.so;-lpthread (found suitable version "3.6.1", minimum required is "3") 
[1.651s] -- Config-file not installed for ZeroMQ -- checking for pkg-config
[1.656s] -- Checking for module 'libzmq >= 4'
[1.678s] --   Found libzmq , version 4.3.2
[1.729s] -- Checking for module 'uuid'
[1.748s] --   Found uuid, version 2.34.0
[1.788s] -- Looking for ignition-msgs5 -- found version 5.8.1
[1.789s] -- Searching for dependencies of ignition-msgs5
[1.806s] -- Looking for ignition-math6 -- found version 6.9.2
[1.815s] -- Looking for ignition-msgs5 -- found version 5.8.1
[1.817s] -- Looking for ignition-common3 -- found version 3.14.0
[1.818s] -- Searching for dependencies of ignition-common3
[1.818s] -- Looking for dlfcn.h - found
[1.819s] -- Looking for libdl - found
[1.828s] -- Searching for <ignition-common3> component [graphics]
[1.829s] -- Looking for ignition-common3-graphics -- found version 3.14.0
[1.830s] -- Searching for dependencies of ignition-common3-graphics
[1.831s] -- Looking for ignition-math6 -- found version 6.9.2
[1.834s] -- Looking for ignition-fuel_tools4 -- found version 4.4.0
[1.835s] -- Searching for dependencies of ignition-fuel_tools4
[1.864s] -- Checking for module 'jsoncpp'
[1.880s] --   Found jsoncpp, version 1.7.4
[1.928s] -- Checking for module 'libzip'
[1.948s] --   Found libzip, version 1.5.1
[1.989s] -- Looking for ignition-common3 -- found version 3.14.0
[1.990s] -- Looking for ignition-math6 -- found version 6.9.2
[1.990s] -- Looking for ignition-msgs5 -- found version 5.8.1
[2.025s] -- Found ament_lint_auto: 0.10.6 (/opt/ros/galactic/share/ament_lint_auto/cmake)
[2.100s] -- Added test 'copyright' to check source files copyright and LICENSE
[2.124s] -- Added test 'cppcheck' to perform static code analysis on C / C++ code
[2.124s] -- Configured cppcheck include dirs: $<BUILD_INTERFACE:/home/artjiang/Desktop/mirobot_urdf_ros2/include>
[2.124s] -- Configured cppcheck exclude dirs and/or files: 
[2.148s] -- Added test 'cpplint' to check C / C++ code against the Google style
[2.148s] -- Configured cpplint exclude dirs and/or files: 
[2.152s] -- Added test 'flake8' to check Python code syntax and style conventions
[2.158s] -- Added test 'lint_cmake' to check CMake code style
[2.161s] -- Added test 'pep257' to check Python code against some of the style conventions in PEP 257
[2.183s] -- Added test 'uncrustify' to check C / C++ code style
[2.183s] -- Configured uncrustify additional arguments: 
[2.187s] -- Added test 'xmllint' to check XML markup files
[2.191s] -- Configuring done
[2.258s] -- Generating done
[2.260s] -- Build files have been written to: /home/artjiang/Desktop/mirobot_urdf_ros2/build/mirobot_urdf_ros2
[2.288s] [35m[1mScanning dependencies of target mirobot_write_node[0m
[2.319s] [ 50%] [32mBuilding CXX object CMakeFiles/mirobot_write_node.dir/src/mirobot_write_node.cpp.o[0m
[2.437s] [01m[K/home/artjiang/Desktop/mirobot_urdf_ros2/src/mirobot_write_node.cpp:117:[m[K [01;31m[Kerror: [m[Kunterminated argument list invoking macro "RCLCPP_INFO"
[2.438s]   117 | 
[2.439s]       | 
[4.097s] [01m[K/home/artjiang/Desktop/mirobot_urdf_ros2/src/mirobot_write_node.cpp:29:23:[m[K [01;31m[Kerror: [m[KISO C++ forbids declaration of â€˜[01m[KMinimalSubscriber[m[Kâ€™ with no type [[01;31m[K-fpermissive[m[K]
[4.097s]    29 |     MinimalSubscriber([01;31m[K)[m[K
[4.097s]       |                       [01;31m[K^[m[K
[4.097s] [01m[K/home/artjiang/Desktop/mirobot_urdf_ros2/src/mirobot_write_node.cpp:55:3:[m[K [01;31m[Kerror: [m[Kexpected â€˜[01m[K}[m[Kâ€™ at end of input
[4.098s]    55 |   [01;31m[KRCLCPP_INFO[m[K((rclcpp::get_logger("I heard,"),"Art Jiang: %s", Gcode.c_str());
[4.098s]       |   [01;31m[K^~~~~~~~~~~[m[K
[4.098s] [01m[K/home/artjiang/Desktop/mirobot_urdf_ros2/src/mirobot_write_node.cpp:27:1:[m[K [01;36m[Knote: [m[Kto match this â€˜[01m[K{[m[Kâ€™
[4.098s]    27 | [01;36m[K{[m[K
[4.098s]       | [01;36m[K^[m[K
[4.099s] [01m[K/home/artjiang/Desktop/mirobot_urdf_ros2/src/mirobot_write_node.cpp:[m[K In member function â€˜[01m[Kint MirobotWriteNode::MinimalSubscriber()[m[Kâ€™:
[4.099s] [01m[K/home/artjiang/Desktop/mirobot_urdf_ros2/src/mirobot_write_node.cpp:30:7:[m[K [01;31m[Kerror: [m[Konly constructors take member initializers
[4.099s]    30 |     : [01;31m[KNode[m[K("Mirobot_write_node")
[4.099s]       |       [01;31m[K^~~~[m[K
[4.102s] [01m[K/home/artjiang/Desktop/mirobot_urdf_ros2/src/mirobot_write_node.cpp:32:7:[m[K [01;31m[Kerror: [m[Kâ€˜[01m[Ksubscription_[m[Kâ€™ was not declared in this scope; did you mean â€˜[01m[Krcl_subscription_t[m[Kâ€™?
[4.102s]    32 |       [01;31m[Ksubscription_[m[K = this->create_subscription<std_msgs::msg::String>(
[4.102s]       |       [01;31m[K^~~~~~~~~~~~~[m[K
[4.102s]       |       [32m[Krcl_subscription_t[m[K
[4.102s] [01m[K/home/artjiang/Desktop/mirobot_urdf_ros2/src/mirobot_write_node.cpp:33:38:[m[K [01;31m[Kerror: [m[Kâ€˜[01m[KMinimalSubscriber[m[Kâ€™ is not a class, namespace, or enumeration
[4.102s]    33 |       "/joint_states", 1, std::bind(&[01;31m[KMinimalSubscriber[m[K::angle_write_callback, this, _1));
[4.103s]       |                                      [01;31m[K^~~~~~~~~~~~~~~~~[m[K
[4.103s] [01m[K/home/artjiang/Desktop/mirobot_urdf_ros2/src/mirobot_write_node.cpp:33:85:[m[K [01;31m[Kerror: [m[Kâ€˜[01m[K_1[m[Kâ€™ was not declared in this scope; did you mean â€˜[01m[Kstd::placeholders::_1[m[Kâ€™?
[4.103s]    33 |       "/joint_states", 1, std::bind(&MinimalSubscriber::angle_write_callback, this, [01;31m[K_1[m[K));
[4.103s]       |                                                                                     [01;31m[K^~[m[K
[4.103s]       |                                                                                     [32m[Kstd::placeholders::_1[m[K
[4.103s] In file included from [01m[K/home/artjiang/Desktop/mirobot_urdf_ros2/src/mirobot_write_node.cpp:3[m[K:
[4.103s] [01m[K/usr/include/c++/9/functional:211:34:[m[K [01;36m[Knote: [m[Kâ€˜[01m[Kstd::placeholders::_1[m[Kâ€™ declared here
[4.104s]   211 |     extern const _Placeholder<1> [01;36m[K_1[m[K;
[4.104s]       |                                  [01;36m[K^~[m[K
[4.104s] [01m[K/home/artjiang/Desktop/mirobot_urdf_ros2/src/mirobot_write_node.cpp:34:5:[m[K [01;35m[Kwarning: [m[Kno return statement in function returning non-void [[01;35m[K-Wreturn-type[m[K]
[4.104s]    34 |     [01;35m[K}[m[K
[4.104s]       |     [01;35m[K^[m[K
[4.109s] [01m[K/home/artjiang/Desktop/mirobot_urdf_ros2/src/mirobot_write_node.cpp:[m[K In member function â€˜[01m[Kvoid MirobotWriteNode::angle_write_callback(const JointState&)[m[Kâ€™:
[4.109s] [01m[K/home/artjiang/Desktop/mirobot_urdf_ros2/src/mirobot_write_node.cpp:55:3:[m[K [01;31m[Kerror: [m[Kâ€˜[01m[KRCLCPP_INFO[m[Kâ€™ was not declared in this scope
[4.111s]    55 |   [01;31m[KRCLCPP_INFO[m[K((rclcpp::get_logger("I heard,"),"Art Jiang: %s", Gcode.c_str());
[4.112s]       |   [01;31m[K^~~~~~~~~~~[m[K
[4.112s] [01m[K/home/artjiang/Desktop/mirobot_urdf_ros2/src/mirobot_write_node.cpp:55:3:[m[K [01;31m[Kerror: [m[Kexpected â€˜[01m[K}[m[Kâ€™ at end of input
[4.112s] [01m[K/home/artjiang/Desktop/mirobot_urdf_ros2/src/mirobot_write_node.cpp:38:2:[m[K [01;36m[Knote: [m[Kto match this â€˜[01m[K{[m[Kâ€™
[4.112s]    38 |  [01;36m[K{[m[K
[4.112s]       |  [01;36m[K^[m[K
[4.113s] [01m[K/home/artjiang/Desktop/mirobot_urdf_ros2/src/mirobot_write_node.cpp:[m[K At global scope:
[4.113s] [01m[K/home/artjiang/Desktop/mirobot_urdf_ros2/src/mirobot_write_node.cpp:55:3:[m[K [01;31m[Kerror: [m[Kexpected unqualified-id at end of input
[4.113s]    55 |   [01;31m[KRCLCPP_INFO[m[K((rclcpp::get_logger("I heard,"),"Art Jiang: %s", Gcode.c_str());
[4.113s]       |   [01;31m[K^~~~~~~~~~~[m[K
[4.859s] make[2]: *** [CMakeFiles/mirobot_write_node.dir/build.make:63: CMakeFiles/mirobot_write_node.dir/src/mirobot_write_node.cpp.o] Error 1
[4.859s] make[1]: *** [CMakeFiles/Makefile2:78: CMakeFiles/mirobot_write_node.dir/all] Error 2
[4.860s] make: *** [Makefile:141: all] Error 2
[4.863s] Invoked command in '/home/artjiang/Desktop/mirobot_urdf_ros2/build/mirobot_urdf_ros2' returned '2': CMAKE_PREFIX_PATH=${CMAKE_PREFIX_PATH}:/opt/ros/galactic /usr/bin/cmake --build /home/artjiang/Desktop/mirobot_urdf_ros2/build/mirobot_urdf_ros2 -- -j2 -l2
